2024-09-22 20:42:11,624 [INFO] org.studyeasy.SpringRestdemo.SpringRestdemoApplication [main] Starting SpringRestdemoApplication using Java 17.0.10 with PID 18764 (C:\Users\shakthi\Desktop\all folder\Spring Boot java project\AlbumHub application\backend\target\classes started by shakthi in C:\Users\shakthi\Desktop\all folder\Spring Boot java project\AlbumHub application\backend)
2024-09-22 20:42:11,661 [DEBUG] org.studyeasy.SpringRestdemo.SpringRestdemoApplication [main] Running with Spring Boot v3.0.1, Spring v6.0.3
2024-09-22 20:42:11,668 [INFO] org.studyeasy.SpringRestdemo.SpringRestdemoApplication [main] No active profile set, falling back to 1 default profile: "default"
2024-09-22 20:42:17,576 [INFO] org.springframework.data.repository.config.RepositoryConfigurationDelegate [main] Bootstrapping Spring Data JPA repositories in DEFAULT mode.
2024-09-22 20:42:18,074 [INFO] org.springframework.data.repository.config.RepositoryConfigurationDelegate [main] Finished Spring Data repository scanning in 431 ms. Found 3 JPA repository interfaces.
2024-09-22 20:42:21,479 [INFO] org.springframework.boot.web.embedded.tomcat.TomcatWebServer [main] Tomcat initialized with port(s): 8080 (http)
2024-09-22 20:42:21,555 [INFO] org.apache.catalina.core.StandardService [main] Starting service [Tomcat]
2024-09-22 20:42:21,560 [INFO] org.apache.catalina.core.StandardEngine [main] Starting Servlet engine: [Apache Tomcat/10.1.4]
2024-09-22 20:42:22,351 [INFO] org.apache.catalina.core.ContainerBase.[Tomcat].[localhost].[/] [main] Initializing Spring embedded WebApplicationContext
2024-09-22 20:42:22,355 [INFO] org.springframework.boot.web.servlet.context.ServletWebServerApplicationContext [main] Root WebApplicationContext: initialization completed in 10415 ms
2024-09-22 20:42:22,857 [INFO] com.zaxxer.hikari.HikariDataSource [main] HikariPool-1 - Starting...
2024-09-22 20:42:24,175 [INFO] com.zaxxer.hikari.pool.HikariPool [main] HikariPool-1 - Added connection conn0: url=jdbc:h2:file:./db/db user=ADMIN
2024-09-22 20:42:24,193 [INFO] com.zaxxer.hikari.HikariDataSource [main] HikariPool-1 - Start completed.
2024-09-22 20:42:24,266 [INFO] org.springframework.boot.autoconfigure.h2.H2ConsoleAutoConfiguration [main] H2 console available at '/db-console'. Database available at 'jdbc:h2:file:./db/db'
2024-09-22 20:42:25,083 [INFO] org.hibernate.jpa.internal.util.LogHelper [main] HHH000204: Processing PersistenceUnitInfo [name: default]
2024-09-22 20:42:25,411 [INFO] org.hibernate.Version [main] HHH000412: Hibernate ORM core version 6.1.6.Final
2024-09-22 20:42:26,384 [WARN] org.hibernate.orm.deprecation [main] HHH90000021: Encountered deprecated setting [javax.persistence.sharedCache.mode], use [jakarta.persistence.sharedCache.mode] instead
2024-09-22 20:42:27,045 [INFO] SQL dialect [main] HHH000400: Using dialect: org.hibernate.dialect.H2Dialect
2024-09-22 20:42:31,286 [INFO] org.hibernate.engine.transaction.jta.platform.internal.JtaPlatformInitiator [main] HHH000490: Using JtaPlatform implementation: [org.hibernate.engine.transaction.jta.platform.internal.NoJtaPlatform]
2024-09-22 20:42:31,346 [INFO] org.springframework.orm.jpa.LocalContainerEntityManagerFactoryBean [main] Initialized JPA EntityManagerFactory for persistence unit 'default'
2024-09-22 20:42:35,881 [WARN] org.springframework.boot.autoconfigure.orm.jpa.JpaBaseConfiguration$JpaWebConfiguration [main] spring.jpa.open-in-view is enabled by default. Therefore, database queries may be performed during view rendering. Explicitly configure spring.jpa.open-in-view to disable this warning
2024-09-22 20:42:40,020 [INFO] org.springframework.boot.actuate.endpoint.web.EndpointLinksResolver [main] Exposing 1 endpoint(s) beneath base path '/actuator'
2024-09-22 20:42:40,332 [INFO] org.springframework.security.web.DefaultSecurityFilterChain [main] Will secure any request with [org.springframework.security.web.session.DisableEncodeUrlFilter@6a35cccf, org.springframework.security.web.context.request.async.WebAsyncManagerIntegrationFilter@3ce067bd, org.springframework.security.web.context.SecurityContextHolderFilter@7a8e35d1, org.springframework.security.web.header.HeaderWriterFilter@6f45be6f, org.springframework.security.web.authentication.logout.LogoutFilter@5b166420, org.springframework.security.oauth2.server.resource.web.authentication.BearerTokenAuthenticationFilter@1de83be1, org.springframework.security.web.savedrequest.RequestCacheAwareFilter@1aade3c, org.springframework.security.web.servletapi.SecurityContextHolderAwareRequestFilter@e763080, org.springframework.security.web.authentication.AnonymousAuthenticationFilter@608b74f3, org.springframework.security.web.session.SessionManagementFilter@27ea7c8f, org.springframework.security.web.access.ExceptionTranslationFilter@951053f, org.springframework.security.web.access.intercept.AuthorizationFilter@283595db]
2024-09-22 20:42:42,159 [INFO] org.springframework.boot.web.embedded.tomcat.TomcatWebServer [main] Tomcat started on port(s): 8080 (http) with context path ''
2024-09-22 20:42:42,287 [INFO] org.studyeasy.SpringRestdemo.SpringRestdemoApplication [main] Started SpringRestdemoApplication in 32.75 seconds (process running for 38.396)
2024-09-22 20:47:22,114 [WARN] com.zaxxer.hikari.pool.HikariPool [HikariPool-1 housekeeper] HikariPool-1 - Thread starvation or clock leap detected (housekeeper delta=2m4s768ms45µs100ns).
2024-09-22 20:47:56,070 [INFO] org.apache.catalina.core.ContainerBase.[Tomcat].[localhost].[/] [http-nio-8080-exec-1] Initializing Spring DispatcherServlet 'dispatcherServlet'
2024-09-22 20:47:56,072 [INFO] org.springframework.web.servlet.DispatcherServlet [http-nio-8080-exec-1] Initializing Servlet 'dispatcherServlet'
2024-09-22 20:47:56,076 [INFO] org.springframework.web.servlet.DispatcherServlet [http-nio-8080-exec-1] Completed initialization in 4 ms
2024-09-22 20:52:38,035 [INFO] org.springframework.orm.jpa.LocalContainerEntityManagerFactoryBean [SpringApplicationShutdownHook] Closing JPA EntityManagerFactory for persistence unit 'default'
2024-09-22 20:52:38,036 [INFO] org.hibernate.tool.schema.internal.SchemaDropperImpl$DelayedDropActionImpl [SpringApplicationShutdownHook] HHH000477: Starting delayed evictData of schema as part of SessionFactory shut-down'
2024-09-22 20:52:38,244 [INFO] com.zaxxer.hikari.HikariDataSource [SpringApplicationShutdownHook] HikariPool-1 - Shutdown initiated...
2024-09-22 20:52:38,266 [INFO] com.zaxxer.hikari.HikariDataSource [SpringApplicationShutdownHook] HikariPool-1 - Shutdown completed.
